<?xml version="1.0" encoding="UTF-8"?>
<!-- Generated by org.testng.reporters.JUnitXMLReporter -->
<testsuite hostname="Rathish-PC" ignored="2" name="Default test(failed)(failed)" tests="1" failures="1" timestamp="04 Jun 2019 03:36:19 GMT" time="0.03" errors="0">
  <testcase name="para" time="0.0" classname="testngdemo.grpin">
    <failure type="org.testng.TestNGException" message="
Parameter &amp;apos;name&amp;apos; is required by @Test on method para but has not been marked @Optional or defined
in C:\Users\Rathish\eclipse-workspace\Jun3\test-output\testng-failed.xml">
      <![CDATA[org.testng.TestNGException: 
Parameter 'name' is required by @Test on method para but has not been marked @Optional or defined
in C:\Users\Rathish\eclipse-workspace\Jun3\test-output\testng-failed.xml
... Removed 24 stack frames]]>
    </failure>
  </testcase> <!-- para -->
  <testcase name="test" time="0.0" classname="testngdemo.grpin">
    <ignored/>
  </testcase> <!-- test -->
  <testcase name="test2" time="0.0" classname="testngdemo.grpin">
    <ignored/>
  </testcase> <!-- test2 -->
</testsuite> <!-- Default test(failed)(failed) -->
